#
# A fatal error has been detected by the Java Runtime Environment:
#
#  EXCEPTION_ACCESS_VIOLATION (0xc0000005) at pc=0x6d166b30, pid=14172, tid=14140
#
# JRE version: 6.0_23-b05
# Java VM: Java HotSpot(TM) Client VM (19.0-b09 mixed mode, sharing windows-x86 )
# Problematic frame:
# C  [awt.dll+0xb6b30]
#
# If you would like to submit a bug report, please visit:
#   http://java.sun.com/webapps/bugreport/crash.jsp
# The crash happened outside the Java Virtual Machine in native code.
# See problematic frame for where to report the bug.
#

---------------  T H R E A D  ---------------

Current thread (0x03ed3800):  JavaThread "AWT-Windows" daemon [_thread_in_native, id=14140, stack(0x04390000,0x043e0000)]

siginfo: ExceptionCode=0xc0000005, reading address 0x00000000

Registers:
EAX=0x043df5b0, EBX=0x0401d068, ECX=0x000001ce, EDX=0x000000c0
ESP=0x043df598, EBP=0x043df708, ESI=0x00000000, EDI=0x000000c0
EIP=0x6d166b30, EFLAGS=0x00010206

Register to memory mapping:

EAX=0x043df5b0
0x043df5b0 is pointing into the stack for thread: 0x03ed3800
"AWT-Windows" daemon prio=6 tid=0x03ed3800 nid=0x373c runnable [0x043df000]
   java.lang.Thread.State: RUNNABLE

EBX=0x0401d068
0x0401d068 is pointing to unknown location

ECX=0x000001ce
0x000001ce is pointing to unknown location

EDX=0x000000c0
0x000000c0 is pointing to unknown location

ESP=0x043df598
0x043df598 is pointing into the stack for thread: 0x03ed3800
"AWT-Windows" daemon prio=6 tid=0x03ed3800 nid=0x373c runnable [0x043df000]
   java.lang.Thread.State: RUNNABLE

EBP=0x043df708
0x043df708 is pointing into the stack for thread: 0x03ed3800
"AWT-Windows" daemon prio=6 tid=0x03ed3800 nid=0x373c runnable [0x043df000]
   java.lang.Thread.State: RUNNABLE

ESI=0x00000000
0x00000000 is pointing to unknown location

EDI=0x000000c0
0x000000c0 is pointing to unknown location


Top of Stack: (sp=0x043df598)
0x043df598:   043df5b0 00001000 00000000 03f2d6b8
0x043df5a8:   03f2d600 000005a0 00000384 6d15f00c
0x043df5b8:   00000000 06803e68 04039198 03f2d6b8
0x043df5c8:   6d163793 00000000 00009824 03ed3918
0x043df5d8:   00000001 000005a0 043df678 00000200
0x043df5e8:   000005a0 00000000 043df690 03ed3918
0x043df5f8:   03f0f718 043df628 00000000 001b058e
0x043df608:   00000200 00000000 00f5011b 00000200 

Instructions: (pc=0x6d166b30)
0x6d166b20:   05 00 20 00 00 50 c1 e2 05 8d 44 24 14 50 8b fa
0x6d166b30:   8b 16 57 c1 e1 05 51 56 ff 52 2c 85 c0 0f 8c 93 


Stack: [0x04390000,0x043e0000],  sp=0x043df598,  free space=317k
Native frames: (J=compiled Java code, j=interpreted, Vv=VM code, C=native code)
C  [awt.dll+0xb6b30]
C  [awt.dll+0x9c74c]
C  [USER32.dll+0x186ef]
C  [USER32.dll+0x18876]
C  [USER32.dll+0x170f4]
C  [USER32.dll+0x1738f]
C  [ntdll.dll+0x4642e]
C  [USER32.dll+0x192a9]

Java frames: (J=compiled Java code, j=interpreted, Vv=VM code)
j  sun.awt.windows.WToolkit.eventLoop()V+0
j  sun.awt.windows.WToolkit.run()V+52
j  java.lang.Thread.run()V+11
v  ~StubRoutines::call_stub

---------------  P R O C E S S  ---------------

Java Threads: ( => current thread )
  0x0680c400 JavaThread "D3D Screen Updater" daemon [_thread_blocked, id=6264, stack(0x065a0000,0x065f0000)]
  0x0680bc00 JavaThread "TimerQueue" daemon [_thread_blocked, id=12996, stack(0x06510000,0x06560000)]
  0x06805400 JavaThread "SwingWorker-pool-2-thread-1" daemon [_thread_blocked, id=6900, stack(0x064c0000,0x06510000)]
  0x03f8a800 JavaThread "SyntheticaCleanerThread" daemon [_thread_blocked, id=10168, stack(0x04b00000,0x04b50000)]
  0x00ec9400 JavaThread "DestroyJavaVM" [_thread_blocked, id=4860, stack(0x00180000,0x001d0000)]
  0x03ed8800 JavaThread "AWT-EventQueue-0" [_thread_in_native, id=8784, stack(0x048e0000,0x04930000)]
=>0x03ed3800 JavaThread "AWT-Windows" daemon [_thread_in_native, id=14140, stack(0x04390000,0x043e0000)]
  0x01bcf800 JavaThread "AWT-Shutdown" [_thread_blocked, id=10796, stack(0x042f0000,0x04340000)]
  0x01bcf000 JavaThread "Java2D Disposer" daemon [_thread_blocked, id=14180, stack(0x042a0000,0x042f0000)]
  0x01b4fc00 JavaThread "Low Memory Detector" daemon [_thread_blocked, id=9284, stack(0x03e10000,0x03e60000)]
  0x01b4b000 JavaThread "CompilerThread0" daemon [_thread_blocked, id=2408, stack(0x03dc0000,0x03e10000)]
  0x01b48000 JavaThread "Attach Listener" daemon [_thread_blocked, id=8040, stack(0x03d70000,0x03dc0000)]
  0x01b45000 JavaThread "Signal Dispatcher" daemon [_thread_blocked, id=11060, stack(0x03d20000,0x03d70000)]
  0x01b03c00 JavaThread "Finalizer" daemon [_thread_blocked, id=9668, stack(0x03cd0000,0x03d20000)]
  0x01b01c00 JavaThread "Reference Handler" daemon [_thread_blocked, id=13572, stack(0x03c80000,0x03cd0000)]

Other Threads:
  0x01b00800 VMThread [stack: 0x03c30000,0x03c80000] [id=6712]
  0x01b61800 WatcherThread [stack: 0x03e60000,0x03eb0000] [id=11032]

VM state:not at safepoint (normal execution)

VM Mutex/Monitor currently owned by a thread: None

Heap
 def new generation   total 4928K, used 1654K [0x23bb0000, 0x24100000, 0x29100000)
  eden space 4416K,  25% used [0x23bb0000, 0x23ccda90, 0x24000000)
  from space 512K,  99% used [0x24080000, 0x240fff68, 0x24100000)
  to   space 512K,   0% used [0x24000000, 0x24000000, 0x24080000)
 tenured generation   total 10944K, used 1142K [0x29100000, 0x29bb0000, 0x33bb0000)
   the space 10944K,  10% used [0x29100000, 0x2921db78, 0x2921dc00, 0x29bb0000)
 compacting perm gen  total 12288K, used 4253K [0x33bb0000, 0x347b0000, 0x37bb0000)
   the space 12288K,  34% used [0x33bb0000, 0x33fd7730, 0x33fd7800, 0x347b0000)
    ro space 10240K,  54% used [0x37bb0000, 0x3812c6b0, 0x3812c800, 0x385b0000)
    rw space 12288K,  55% used [0x385b0000, 0x38c501f0, 0x38c50200, 0x391b0000)

Dynamic libraries:
0x00400000 - 0x00424000 	C:\Program Files\Java\jdk1.6.0_23\jre\bin\java.exe
0x77270000 - 0x773ac000 	C:\Windows\SYSTEM32\ntdll.dll
0x76ea0000 - 0x76f74000 	C:\Windows\system32\kernel32.dll
0x75620000 - 0x7566a000 	C:\Windows\system32\KERNELBASE.dll
0x759d0000 - 0x75a70000 	C:\Windows\system32\ADVAPI32.dll
0x76ae0000 - 0x76b8c000 	C:\Windows\system32\msvcrt.dll
0x77480000 - 0x77499000 	C:\Windows\SYSTEM32\sechost.dll
0x773d0000 - 0x77471000 	C:\Windows\system32\RPCRT4.dll
0x7c340000 - 0x7c396000 	C:\Program Files\Java\jdk1.6.0_23\jre\bin\msvcr71.dll
0x6d8a0000 - 0x6db4c000 	C:\Program Files\Java\jdk1.6.0_23\jre\bin\client\jvm.dll
0x75c70000 - 0x75d39000 	C:\Windows\system32\USER32.dll
0x769d0000 - 0x76a1e000 	C:\Windows\system32\GDI32.dll
0x75a70000 - 0x75a7a000 	C:\Windows\system32\LPK.dll
0x76e00000 - 0x76e9d000 	C:\Windows\system32\USP10.dll
0x738d0000 - 0x73902000 	C:\Windows\system32\WINMM.dll
0x759a0000 - 0x759bf000 	C:\Windows\system32\IMM32.DLL
0x76b90000 - 0x76c5c000 	C:\Windows\system32\MSCTF.dll
0x752f0000 - 0x7533b000 	C:\Windows\system32\apphelp.dll
0x6d850000 - 0x6d85c000 	C:\Program Files\Java\jdk1.6.0_23\jre\bin\verify.dll
0x6d3d0000 - 0x6d3ef000 	C:\Program Files\Java\jdk1.6.0_23\jre\bin\java.dll
0x6d330000 - 0x6d338000 	C:\Program Files\Java\jdk1.6.0_23\jre\bin\hpi.dll
0x759c0000 - 0x759c5000 	C:\Windows\system32\PSAPI.DLL
0x6d890000 - 0x6d89f000 	C:\Program Files\Java\jdk1.6.0_23\jre\bin\zip.dll
0x6d0b0000 - 0x6d1fa000 	C:\Program Files\Java\jdk1.6.0_23\jre\bin\awt.dll
0x73120000 - 0x73171000 	C:\Windows\system32\WINSPOOL.DRV
0x75b10000 - 0x75c6c000 	C:\Windows\system32\ole32.dll
0x742c0000 - 0x7445e000 	C:\Windows\WinSxS\x86_microsoft.windows.common-controls_6595b64144ccf1df_6.0.7600.16661_none_420fe3fa2b8113bd\COMCTL32.dll
0x76c60000 - 0x76cb7000 	C:\Windows\system32\SHLWAPI.dll
0x73e50000 - 0x73e63000 	C:\Windows\system32\DWMAPI.DLL
0x74280000 - 0x742c0000 	C:\Windows\system32\uxtheme.dll
0x75340000 - 0x7534c000 	C:\Windows\system32\CRYPTBASE.dll
0x75d80000 - 0x769c9000 	C:\Windows\system32\shell32.dll
0x6d2e0000 - 0x6d32f000 	C:\Program Files\Java\jdk1.6.0_23\jre\bin\fontmanager.dll
0x68d70000 - 0x68f33000 	C:\Windows\system32\d3d9.dll
0x74860000 - 0x74869000 	C:\Windows\system32\VERSION.dll
0x6feb0000 - 0x6feb6000 	C:\Windows\system32\d3d8thk.dll
0x6e920000 - 0x6f2bd000 	C:\Windows\system32\nvd3dum.dll
0x73940000 - 0x73965000 	C:\Windows\system32\powrprof.dll
0x770d0000 - 0x7726d000 	C:\Windows\system32\SETUPAPI.dll
0x75690000 - 0x756b7000 	C:\Windows\system32\CFGMGR32.dll
0x75a80000 - 0x75b0f000 	C:\Windows\system32\OLEAUT32.dll
0x75670000 - 0x75682000 	C:\Windows\system32\DEVOBJ.dll
0x6d610000 - 0x6d6a3000 	C:\Program Files\Java\jdk1.6.0_23\jre\bin\mlib_image.dll
0x6d250000 - 0x6d273000 	C:\Program Files\Java\jdk1.6.0_23\jre\bin\dcpr.dll
0x6d6b0000 - 0x6d6c3000 	C:\Program Files\Java\jdk1.6.0_23\jre\bin\net.dll
0x75d40000 - 0x75d75000 	C:\Windows\system32\WS2_32.dll
0x773b0000 - 0x773b6000 	C:\Windows\system32\NSI.dll
0x74e00000 - 0x74e3c000 	C:\Windows\system32\mswsock.dll
0x74df0000 - 0x74df6000 	C:\Windows\System32\wship6.dll
0x6d6d0000 - 0x6d6d9000 	C:\Program Files\Java\jdk1.6.0_23\jre\bin\nio.dll

VM Arguments:
jvm_args: -Dfile.encoding=UTF-8 
java_command: ilearn.ILearnApp
Launcher Type: SUN_STANDARD

Environment Variables:
CLASSPATH=.;C:\Program Files\Java\jre6\lib\ext\QTJava.zip
PATH=C:\Program Files\Common Files\Microsoft Shared\Windows Live;C:\Windows\system32;C:\Windows;C:\Windows\System32\Wbem;C:\Windows\System32\WindowsPowerShell\v1.0\;C:\Program Files\SlikSvn\bin\;C:\Program Files\MySQL\MySQL Server 5.1\bin;C:\Program Files\Windows Live\Shared;C:\Program Files\QuickTime\QTSystem\;c:\Program Files\Microsoft SQL Server\90\Tools\binn\;c:\Program Files\Microsoft SQL Server\100\Tools\Binn\;c:\Program Files\Microsoft SQL Server\100\DTS\Binn\
USERNAME=m.rogers
OS=Windows_NT
PROCESSOR_IDENTIFIER=x86 Family 6 Model 15 Stepping 13, GenuineIntel



---------------  S Y S T E M  ---------------

OS: Windows 7 Build 7600 

CPU:total 2 (2 cores per cpu, 1 threads per core) family 6 model 15 stepping 13, cmov, cx8, fxsr, mmx, sse, sse2, sse3, ssse3

Memory: 4k page, physical 2602608k(1031060k free), swap 5292384k(1800280k free)

vm_info: Java HotSpot(TM) Client VM (19.0-b09) for windows-x86 JRE (1.6.0_23-b05), built on Nov 12 2010 15:00:43 by "java_re" with MS VC++ 7.1 (VS2003)

time: Tue Feb 22 17:07:22 2011
elapsed time: 835 seconds

