#
# A fatal error has been detected by the Java Runtime Environment:
#
#  EXCEPTION_ACCESS_VIOLATION (0xc0000005) at pc=0x6d166b30, pid=7924, tid=7252
#
# JRE version: 6.0_23-b05
# Java VM: Java HotSpot(TM) Client VM (19.0-b09 mixed mode, sharing windows-x86 )
# Problematic frame:
# C  [awt.dll+0xb6b30]
#
# If you would like to submit a bug report, please visit:
#   http://java.sun.com/webapps/bugreport/crash.jsp
# The crash happened outside the Java Virtual Machine in native code.
# See problematic frame for where to report the bug.
#

---------------  T H R E A D  ---------------

Current thread (0x043adc00):  JavaThread "AWT-Windows" daemon [_thread_in_native, id=7252, stack(0x04720000,0x04770000)]

siginfo: ExceptionCode=0xc0000005, reading address 0x00000000

Registers:
EAX=0x0476f5b0, EBX=0x04437658, ECX=0x00000114, EDX=0x000000c0
ESP=0x0476f598, EBP=0x0476f708, ESI=0x00000000, EDI=0x000000c0
EIP=0x6d166b30, EFLAGS=0x00010206

Register to memory mapping:

EAX=0x0476f5b0
0x0476f5b0 is pointing into the stack for thread: 0x043adc00
"AWT-Windows" daemon prio=6 tid=0x043adc00 nid=0x1c54 runnable [0x0476f000]
   java.lang.Thread.State: RUNNABLE

EBX=0x04437658
0x04437658 is pointing to unknown location

ECX=0x00000114
0x00000114 is pointing to unknown location

EDX=0x000000c0
0x000000c0 is pointing to unknown location

ESP=0x0476f598
0x0476f598 is pointing into the stack for thread: 0x043adc00
"AWT-Windows" daemon prio=6 tid=0x043adc00 nid=0x1c54 runnable [0x0476f000]
   java.lang.Thread.State: RUNNABLE

EBP=0x0476f708
0x0476f708 is pointing into the stack for thread: 0x043adc00
"AWT-Windows" daemon prio=6 tid=0x043adc00 nid=0x1c54 runnable [0x0476f000]
   java.lang.Thread.State: RUNNABLE

ESI=0x00000000
0x00000000 is pointing to unknown location

EDI=0x000000c0
0x000000c0 is pointing to unknown location


Top of Stack: (sp=0x0476f598)
0x0476f598:   0476f5b0 00001000 00000000 04426270
0x0476f5a8:   04426200 00000328 00000273 6d15f00c
0x0476f5b8:   00000000 043baf70 0718f000 04426270
0x0476f5c8:   6d163793 00000000 00009824 043add18
0x0476f5d8:   00000001 00000328 fffffffe 74a14737
0x0476f5e8:   00000328 00000000 0000980d 043add18
0x0476f5f8:   04251488 0000980d 00000000 00000000
0x0476f608:   0476f660 0000980d 0476f620 0476f63c 

Instructions: (pc=0x6d166b30)
0x6d166b20:   05 00 20 00 00 50 c1 e2 05 8d 44 24 14 50 8b fa
0x6d166b30:   8b 16 57 c1 e1 05 51 56 ff 52 2c 85 c0 0f 8c 93 


Stack: [0x04720000,0x04770000],  sp=0x0476f598,  free space=317k
Native frames: (J=compiled Java code, j=interpreted, Vv=VM code, C=native code)
C  [awt.dll+0xb6b30]
C  [awt.dll+0x9c74c]
C  [USER32.dll+0x186ef]
C  [USER32.dll+0x18876]
C  [USER32.dll+0x170f4]
C  [USER32.dll+0x1738f]
C  [ntdll.dll+0x4642e]
C  [USER32.dll+0x192a9]

Java frames: (J=compiled Java code, j=interpreted, Vv=VM code)
j  sun.awt.windows.WToolkit.eventLoop()V+0
j  sun.awt.windows.WToolkit.run()V+52
j  java.lang.Thread.run()V+11
v  ~StubRoutines::call_stub

---------------  P R O C E S S  ---------------

Java Threads: ( => current thread )
  0x04457000 JavaThread "pool-1-thread-1" [_thread_blocked, id=3796, stack(0x04770000,0x047c0000)]
  0x042a0000 JavaThread "SwingWorker-pool-2-thread-1" daemon [_thread_blocked, id=6272, stack(0x07960000,0x079b0000)]
  0x073bbc00 JavaThread "TimerQueue" daemon [_thread_blocked, id=8108, stack(0x082a0000,0x082f0000)]
  0x073bac00 JavaThread "D3D Screen Updater" daemon [_thread_blocked, id=7024, stack(0x07b10000,0x07b60000)]
  0x043ee000 JavaThread "SyntheticaCleanerThread" daemon [_thread_blocked, id=5784, stack(0x07910000,0x07960000)]
  0x00137400 JavaThread "DestroyJavaVM" [_thread_blocked, id=6844, stack(0x00190000,0x001e0000)]
  0x043b0400 JavaThread "AWT-EventQueue-0" [_thread_in_native, id=4944, stack(0x04c70000,0x04cc0000)]
=>0x043adc00 JavaThread "AWT-Windows" daemon [_thread_in_native, id=7252, stack(0x04720000,0x04770000)]
  0x043ad400 JavaThread "AWT-Shutdown" [_thread_blocked, id=6240, stack(0x04590000,0x045e0000)]
  0x043ab000 JavaThread "Java2D Disposer" daemon [_thread_blocked, id=6432, stack(0x04540000,0x04590000)]
  0x019c5000 JavaThread "Low Memory Detector" daemon [_thread_blocked, id=8080, stack(0x03dd0000,0x03e20000)]
  0x019b2c00 JavaThread "CompilerThread0" daemon [_thread_blocked, id=6900, stack(0x03d80000,0x03dd0000)]
  0x019b1c00 JavaThread "Attach Listener" daemon [_thread_blocked, id=5644, stack(0x03d30000,0x03d80000)]
  0x019aec00 JavaThread "Signal Dispatcher" daemon [_thread_blocked, id=3572, stack(0x03ce0000,0x03d30000)]
  0x0196ac00 JavaThread "Finalizer" daemon [_thread_blocked, id=6668, stack(0x03c90000,0x03ce0000)]
  0x01966400 JavaThread "Reference Handler" daemon [_thread_blocked, id=6836, stack(0x03c40000,0x03c90000)]

Other Threads:
  0x01964800 VMThread [stack: 0x03bf0000,0x03c40000] [id=7920]
  0x019d8c00 WatcherThread [stack: 0x03e20000,0x03e70000] [id=3484]

VM state:not at safepoint (normal execution)

VM Mutex/Monitor currently owned by a thread: None

Heap
 def new generation   total 4928K, used 2980K [0x23bb0000, 0x24100000, 0x29100000)
  eden space 4416K,  63% used [0x23bb0000, 0x23e67b98, 0x24000000)
  from space 512K,  38% used [0x24080000, 0x240b1848, 0x24100000)
  to   space 512K,   0% used [0x24000000, 0x24000000, 0x24080000)
 tenured generation   total 10944K, used 5048K [0x29100000, 0x29bb0000, 0x33bb0000)
   the space 10944K,  46% used [0x29100000, 0x295ee340, 0x295ee400, 0x29bb0000)
 compacting perm gen  total 12288K, used 7815K [0x33bb0000, 0x347b0000, 0x37bb0000)
   the space 12288K,  63% used [0x33bb0000, 0x34351c18, 0x34351e00, 0x347b0000)
    ro space 10240K,  54% used [0x37bb0000, 0x3812c6b0, 0x3812c800, 0x385b0000)
    rw space 12288K,  55% used [0x385b0000, 0x38c501f0, 0x38c50200, 0x391b0000)

Dynamic libraries:
0x00400000 - 0x00424000 	C:\Program Files\Java\jdk1.6.0_23\jre\bin\java.exe
0x77850000 - 0x7798c000 	C:\Windows\SYSTEM32\ntdll.dll
0x77260000 - 0x77334000 	C:\Windows\system32\kernel32.dll
0x75a20000 - 0x75a6a000 	C:\Windows\system32\KERNELBASE.dll
0x77490000 - 0x77530000 	C:\Windows\system32\ADVAPI32.dll
0x75eb0000 - 0x75f5c000 	C:\Windows\system32\msvcrt.dll
0x779a0000 - 0x779b9000 	C:\Windows\SYSTEM32\sechost.dll
0x77340000 - 0x773e1000 	C:\Windows\system32\RPCRT4.dll
0x7c340000 - 0x7c396000 	C:\Program Files\Java\jdk1.6.0_23\jre\bin\msvcr71.dll
0x6d8a0000 - 0x6db4c000 	C:\Program Files\Java\jdk1.6.0_23\jre\bin\client\jvm.dll
0x75ca0000 - 0x75d69000 	C:\Windows\system32\USER32.dll
0x76fa0000 - 0x76fee000 	C:\Windows\system32\GDI32.dll
0x76e20000 - 0x76e2a000 	C:\Windows\system32\LPK.dll
0x773f0000 - 0x7748d000 	C:\Windows\system32\USP10.dll
0x73e50000 - 0x73e82000 	C:\Windows\system32\WINMM.dll
0x77240000 - 0x7725f000 	C:\Windows\system32\IMM32.DLL
0x76d00000 - 0x76dcc000 	C:\Windows\system32\MSCTF.dll
0x758d0000 - 0x7591b000 	C:\Windows\system32\apphelp.dll
0x6d850000 - 0x6d85c000 	C:\Program Files\Java\jdk1.6.0_23\jre\bin\verify.dll
0x6d3d0000 - 0x6d3ef000 	C:\Program Files\Java\jdk1.6.0_23\jre\bin\java.dll
0x6d330000 - 0x6d338000 	C:\Program Files\Java\jdk1.6.0_23\jre\bin\hpi.dll
0x76e30000 - 0x76e35000 	C:\Windows\system32\PSAPI.DLL
0x6d890000 - 0x6d89f000 	C:\Program Files\Java\jdk1.6.0_23\jre\bin\zip.dll
0x6d0b0000 - 0x6d1fa000 	C:\Program Files\Java\jdk1.6.0_23\jre\bin\awt.dll
0x73610000 - 0x73661000 	C:\Windows\system32\WINSPOOL.DRV
0x76e40000 - 0x76f9c000 	C:\Windows\system32\ole32.dll
0x749e0000 - 0x74b7e000 	C:\Windows\WinSxS\x86_microsoft.windows.common-controls_6595b64144ccf1df_6.0.7600.16661_none_420fe3fa2b8113bd\COMCTL32.dll
0x77a20000 - 0x77a77000 	C:\Windows\system32\SHLWAPI.dll
0x74350000 - 0x74363000 	C:\Windows\system32\DWMAPI.DLL
0x74860000 - 0x748a0000 	C:\Windows\system32\uxtheme.dll
0x75920000 - 0x7592c000 	C:\Windows\system32\CRYPTBASE.dll
0x75fb0000 - 0x76bf9000 	C:\Windows\system32\shell32.dll
0x6d2e0000 - 0x6d32f000 	C:\Program Files\Java\jdk1.6.0_23\jre\bin\fontmanager.dll
0x630e0000 - 0x632a3000 	C:\Windows\system32\d3d9.dll
0x74e40000 - 0x74e49000 	C:\Windows\system32\VERSION.dll
0x692c0000 - 0x692c6000 	C:\Windows\system32\d3d8thk.dll
0x04de0000 - 0x0577d000 	C:\Windows\system32\nvd3dum.dll
0x74380000 - 0x743a5000 	C:\Windows\system32\powrprof.dll
0x770a0000 - 0x7723d000 	C:\Windows\system32\SETUPAPI.dll
0x75b20000 - 0x75b47000 	C:\Windows\system32\CFGMGR32.dll
0x777c0000 - 0x7784f000 	C:\Windows\system32\OLEAUT32.dll
0x75b00000 - 0x75b12000 	C:\Windows\system32\DEVOBJ.dll
0x6d610000 - 0x6d6a3000 	C:\Program Files\Java\jdk1.6.0_23\jre\bin\mlib_image.dll
0x6d250000 - 0x6d273000 	C:\Program Files\Java\jdk1.6.0_23\jre\bin\dcpr.dll
0x6d6b0000 - 0x6d6c3000 	C:\Program Files\Java\jdk1.6.0_23\jre\bin\net.dll
0x75f60000 - 0x75f95000 	C:\Windows\system32\WS2_32.dll
0x75fa0000 - 0x75fa6000 	C:\Windows\system32\NSI.dll
0x753e0000 - 0x7541c000 	C:\Windows\system32\mswsock.dll
0x753d0000 - 0x753d6000 	C:\Windows\System32\wship6.dll
0x6d6d0000 - 0x6d6d9000 	C:\Program Files\Java\jdk1.6.0_23\jre\bin\nio.dll
0x74ed0000 - 0x74ed5000 	C:\Windows\System32\wshtcpip.dll
0x752a0000 - 0x752e4000 	C:\Windows\system32\DNSAPI.dll
0x72ba0000 - 0x72bc7000 	C:\Program Files\Common Files\Microsoft Shared\Windows Live\WLIDNSP.DLL
0x72b70000 - 0x72b91000 	C:\Program Files\Bonjour\mdnsNSP.dll
0x73950000 - 0x7396c000 	C:\Windows\system32\Iphlpapi.DLL
0x73940000 - 0x73947000 	C:\Windows\system32\WINNSI.DLL
0x72b60000 - 0x72b66000 	C:\Windows\system32\rasadhlp.dll
0x736b0000 - 0x736e8000 	C:\Windows\System32\fwpuclnt.dll
0x73e40000 - 0x73e50000 	C:\Windows\system32\NLAapi.dll
0x72c00000 - 0x72c08000 	C:\Windows\System32\winrnr.dll
0x72bf0000 - 0x72c00000 	C:\Windows\system32\napinsp.dll
0x72bd0000 - 0x72be2000 	C:\Windows\system32\pnrpnsp.dll

VM Arguments:
jvm_args: -Dfile.encoding=UTF-8 
java_command: ilearn.ILearnApp
Launcher Type: SUN_STANDARD

Environment Variables:
JAVA_HOME=C:\Program Files\Java\jre6
CLASSPATH=.;C:\Program Files\Java\jre6\lib\ext\QTJava.zip
PATH=C:\Android\android-sdk\tools;C:\Android\android-sdk\platform-tools;C:\csvn\bin;C:\csvn\Python25;C:\Program Files\Common Files\Microsoft Shared\Windows Live;C:\Windows\system32;C:\Windows;C:\Windows\System32\Wbem;C:\Windows\System32\WindowsPowerShell\v1.0;C:\Program Files\SlikSvn\bin;C:\Program Files\Windows Live\Shared;C:\Program Files\QuickTime\QTSystem;c:\Program Files\Microsoft SQL Server\90\Tools\binn;c:\Program Files\Microsoft SQL Server\100\Tools\Binn;c:\Program Files\Microsoft SQL Server\100\DTS\Binn;C:\Program Files\GtkSharp\2.12\bin;C:\Program Files\Common Files\Roxio Shared\DLLShared;C:\Program Files\Common Files\Roxio Shared\DLLShared;C:\Program Files\Common Files\Roxio Shared\13.0\DLLShared;c:\Program Files\Microsoft SQL Server\100\Tools\Binn\VSShell\Common7\IDE;C:\Program Files\Groovy\Groovy-1.7.10\bin;C:\Program Files\MySQL\MySQL Server 5.1\bin;C:\Program Files\Calibre2;C:\Program Files\QuickTime\QTSystem\;C:\Android\android-sdk\tools;C:\Android\android-sdk\platform-tools;C:\csvn\bin;C:\csvn\Python25;C:\Program Files\Common Files\Microsoft Shared\Windows Live;C:\Windows\system32;C:\Windows;C:\Windows\System32\Wbem;C:\Windows\System32\WindowsPowerShell\v1.0;C:\Program Files\SlikSvn\bin;C:\Program Files\Windows Live\Shared;C:\Program Files\QuickTime\QTSystem;c:\Program Files\Microsoft SQL Server\90\Tools\binn;c:\Program Files\Microsoft SQL Server\100\Tools\Binn;c:\Program Files\Microsoft SQL Server\100\DTS\Binn;C:\Program Files\GtkSharp\2.12\bin;C:\Program Files\Common Files\Roxio Shared\DLLShared;C:\Program Files\Common Files\Roxio Shared\DLLShared;C:\Program Files\Common Files\Roxio Shared\13.0\DLLShared;c:\Program Files\Microsoft SQL Server\100\Tools\Binn\VSShell\Common7\IDE;C:\Program Files\Groovy\Groovy-1.7.10\bin;C:\Program Files\MySQL\MySQL Server 5.1\bin;C:\Program Files\Calibre2;C:\Program Files\QuickTime\QTSystem\;C:\php;C:\www\ipay\cake\console
USERNAME=m.rogers
OS=Windows_NT
PROCESSOR_IDENTIFIER=x86 Family 6 Model 15 Stepping 13, GenuineIntel



---------------  S Y S T E M  ---------------

OS: Windows 7 Build 7600 

CPU:total 2 (2 cores per cpu, 1 threads per core) family 6 model 15 stepping 13, cmov, cx8, fxsr, mmx, sse, sse2, sse3, ssse3

Memory: 4k page, physical 2602608k(519916k free), swap 5203452k(1212776k free)

vm_info: Java HotSpot(TM) Client VM (19.0-b09) for windows-x86 JRE (1.6.0_23-b05), built on Nov 12 2010 15:00:43 by "java_re" with MS VC++ 7.1 (VS2003)

time: Mon Aug 15 11:16:53 2011
elapsed time: 361 seconds

